Sun Aug 20 2023 0:21:23 } [PH] error: 🐱‍🏍 globalErrorHandler ~~ [
  {
    "code": "invalid_type",
    "expected": "string",
    "received": "undefined",
    "path": [
      "body",
      "studentId"
    ],
    "message": "Student id is required"
  },
  {
    "code": "invalid_type",
    "expected": "string",
    "received": "undefined",
    "path": [
      "body",
      "firstName"
    ],
    "message": "First name is required"
  },
  {
    "code": "invalid_type",
    "expected": "string",
    "received": "undefined",
    "path": [
      "body",
      "lastName"
    ],
    "message": "Last name is required"
  },
  {
    "code": "invalid_type",
    "expected": "string",
    "received": "undefined",
    "path": [
      "body",
      "middleName"
    ],
    "message": "Middle name is required"
  },
  {
    "code": "invalid_type",
    "expected": "string",
    "received": "undefined",
    "path": [
      "body",
      "profileImage"
    ],
    "message": "Profile image is required"
  },
  {
    "code": "invalid_type",
    "expected": "string",
    "received": "undefined",
    "path": [
      "body",
      "email"
    ],
    "message": "Email is required"
  },
  {
    "code": "invalid_type",
    "expected": "string",
    "received": "undefined",
    "path": [
      "body",
      "contactNo"
    ],
    "message": "Contact no is required"
  },
  {
    "code": "invalid_type",
    "expected": "string",
    "received": "undefined",
    "path": [
      "body",
      "gender"
    ],
    "message": "Gender is required"
  },
  {
    "code": "invalid_type",
    "expected": "string",
    "received": "undefined",
    "path": [
      "body",
      "bloodGroup"
    ],
    "message": "Blood group is required"
  },
  {
    "code": "invalid_type",
    "expected": "string",
    "received": "undefined",
    "path": [
      "body",
      "academicSemesterId"
    ],
    "message": "Academic semester is required"
  },
  {
    "code": "invalid_type",
    "expected": "string",
    "received": "undefined",
    "path": [
      "body",
      "academicDepartmentId"
    ],
    "message": "Academic department is required"
  },
  {
    "code": "invalid_type",
    "expected": "string",
    "received": "undefined",
    "path": [
      "body",
      "academicFacultyId"
    ],
    "message": "Academic faculty is required"
  }
]
